This is a string
... and on a new line

[1] "This is another string"
                   mpg cyl disp  hp drat   wt qsec vs am gear carb
Mazda RX4         21.0   6  160 110 3.90 2.62 16.5  0  1    4    4
Mazda RX4 Wag     21.0   6  160 110 3.90 2.88 17.0  0  1    4    4
Datsun 710        22.8   4  108  93 3.85 2.32 18.6  1  1    4    1
Hornet 4 Drive    21.4   6  258 110 3.08 3.21 19.4  1  0    3    1
Hornet Sportabout 18.7   8  360 175 3.15 3.44 17.0  0  0    3    2
Valiant           18.1   6  225 105 2.76 3.46 20.2  1  0    3    1
[1] 1 1 1 1
A message.
Warning message:
A warning. 
Error: object 'f' not found

Last line
Warning message:
In sink() : no sink to remove
✓ Reading from "learning_paths".
✓ Range ''r-transform''.
Error: unexpected symbol in "By the"
Error: unexpected '*' in "*"
Error: unexpected '*' in "*"
Error: unexpected '*' in "*"
Error: unexpected '*' in "*"
Error: unexpected '*' in "*"
Error: unexpected symbol in "The learning"
Error: unexpected '<' in "<"
Error: unexpected '<' in "<"
Error: unexpected '<' in "<"
Error: unexpected '<' in "<"
Error: unexpected symbol in "An excellent"
Error: unexpected '<' in "<"
Error: unexpected '<' in "<"
Error: unexpected '<' in "<"
Error: unexpected '<' in "<"
Error: unexpected '<' in "<"
Error: unexpected symbol in "Mutating joins"
Error: attempt to use zero-length variable name
Error in curl::curl_fetch_memory(url, handle = handle) : 
  Error in the HTTP2 framing layer
✓ Reading from "learning_paths".
✓ Range ''r-transform''.
✓ Reading from "learning_paths".
✓ Range ''r-transform''.
✓ Reading from "learning_paths".
✓ Range ''r-transform''.
✓ Reading from "learning_paths".
✓ Range ''r-transform''.
✓ Reading from "learning_paths".
✓ Range ''r-transform''.
✓ Reading from "learning_paths".
✓ Range ''r-transform''.
✓ Reading from "learning_paths".
✓ Range ''r-transform''.
✓ Reading from "learning_paths".
✓ Range ''r-transform''.
✓ Reading from "learning_paths".
✓ Range ''r-transform''.
✓ Reading from "learning_paths".
✓ Range ''r-transform''.
x Request failed [429]. Retry 1 happens in 3.5 seconds ...
x Request failed [429]. Retry 2 happens in 3.5 seconds ...
x Request failed [429]. Retry 3 happens in 8.2 seconds ...

x Request failed [429]. Retry 1 happens in 2.5 seconds ...
x Request failed [429]. Retry 2 happens in 1.9 seconds ...
x Request failed [429]. Retry 3 happens in 26 seconds ...

x Request failed [429]. Retry 1 happens in 4.2 seconds ...
✓ Reading from "learning_paths".
✓ Range ''r-transform''.
✓ Reading from "learning_paths".
✓ Range ''r-transform''.
✓ Reading from "learning_paths".
✓ Range ''r-transform''.
✓ Reading from "learning_paths".
✓ Range ''r-transform''.
