R version 4.4.1 (2024-06-14)
Platform: x86_64-pc-linux-gnu
Running under: Ubuntu 22.04.4 LTS

Matrix products: default
BLAS:   /usr/lib/x86_64-linux-gnu/openblas-pthread/libblas.so.3 
LAPACK: /usr/lib/x86_64-linux-gnu/openblas-pthread/libopenblasp-r0.3.20.so;  LAPACK version 3.10.0

locale:
 [1] LC_CTYPE=C.UTF-8       LC_NUMERIC=C           LC_TIME=C.UTF-8       
 [4] LC_COLLATE=C.UTF-8     LC_MONETARY=C.UTF-8    LC_MESSAGES=C.UTF-8   
 [7] LC_PAPER=C.UTF-8       LC_NAME=C              LC_ADDRESS=C          
[10] LC_TELEPHONE=C         LC_MEASUREMENT=C.UTF-8 LC_IDENTIFICATION=C   

time zone: UTC
tzcode source: system (glibc)

attached base packages:
[1] stats     graphics  grDevices datasets  utils     methods   base     

loaded via a namespace (and not attached):
[1] compiler_4.4.1 tools_4.4.1    yaml_2.3.10    renv_1.0.7    
1/1439                                                  
2/1439 [unnamed-chunk-1]                                
3/1439                                                  
4/1439 [unnamed-chunk-2]                                
5/1439                                                  
6/1439 [unnamed-chunk-3]                                
7/1439                                                  
8/1439 [unnamed-chunk-4]                                
9/1439                                                  
10/1439 [process]                                        
11/1439                                                  
12/1439 [links]                                          
1/1
13/1439                                                  
14/1439 [unnamed-chunk-5]                                
15/1439                                                  
16/1439 [unnamed-chunk-6]                                
17/1439                                                  
18/1439 [unnamed-chunk-7]                                
19/1439                                                  
20/1439 [unnamed-chunk-8]                                
21/1439                                                  
22/1439 [vba-editor]                                     
23/1439                                                  
24/1439 [vba-memory]                                     
25/1439                                                  
26/1439 [unnamed-chunk-9]                                
27/1439                                                  
28/1439 [unnamed-chunk-10]                               
29/1439                                                  
30/1439 [unnamed-chunk-11]                               
31/1439                                                  
32/1439 [unnamed-chunk-12]                               
33/1439                                                  
34/1439 [unnamed-chunk-13]                               
35/1439                                                  
36/1439 [unnamed-chunk-14]                               
37/1439                                                  
38/1439 [unnamed-chunk-15]                               
39/1439                                                  
40/1439 [links]                                          
1/1
41/1439                                                  
42/1439 [unnamed-chunk-16]                               
43/1439                                                  
44/1439 [unnamed-chunk-17]                               
45/1439                                                  
46/1439 [unnamed-chunk-18]                               
47/1439                                                  
48/1439 [unnamed-chunk-19]                               
49/1439                                                  
50/1439 [comp-ope]                                       
51/1439                                                  
52/1439 [logi-ope]                                       
53/1439                                                  
54/1439 [sep-2]                                          
55/1439                                                  
56/1439 [sep-5]                                          
57/1439                                                  
58/1439 [jen1]                                           
59/1439                                                  
60/1439 [unnamed-chunk-20]                               
61/1439                                                  
62/1439 [dist-mat]                                       
63/1439                                                  
64/1439 [dist-mat-sym]                                   
65/1439                                                  
66/1439 [unnamed-chunk-21]                               
67/1439                                                  
68/1439 [unnamed-chunk-22]                               
69/1439                                                  
70/1439 [links]                                          
1/1
71/1439                                                  
72/1439 [unnamed-chunk-23]                               
73/1439                                                  
74/1439 [unnamed-chunk-24]                               
75/1439                                                  
76/1439 [unnamed-chunk-25]                               
77/1439                                                  
78/1439 [unnamed-chunk-26]                               
79/1439                                                  
80/1439 [tm4-sheet]                                      
81/1439                                                  
82/1439 [test-persons]                                   
83/1439                                                  
84/1439 [test-persons-res]                               
85/1439                                                  
86/1439 [unnamed-chunk-27]                               
87/1439                                                  
88/1439 [unnamed-chunk-28]                               
89/1439                                                  
90/1439 [links]                                          
1/1
91/1439                                                  
92/1439 [unnamed-chunk-29]                               
93/1439                                                  
94/1439 [unnamed-chunk-30]                               
95/1439                                                  
96/1439 [unnamed-chunk-31]                               
97/1439                                                  
98/1439 [unnamed-chunk-32]                               
99/1439                                                  
100/1439 [tm5-sheet]                                      
101/1439                                                  
102/1439 [vba-ary]                                        
103/1439                                                  
104/1439 [vba-ary-3d]                                     
105/1439                                                  
106/1439 [tm5-arylong]                                    
107/1439                                                  
108/1439 [tm5-job-seq]                                    
109/1439                                                  
110/1439 [unnamed-chunk-33]                               
111/1439                                                  
112/1439 [unnamed-chunk-34]                               
113/1439                                                  
114/1439 [unnamed-chunk-35]                               
115/1439                                                  
116/1439 [greedy]                                         
117/1439                                                  
118/1439 [min-slots]                                      
119/1439                                                  
120/1439 [links]                                          
1/1
121/1439                                                  
122/1439 [unnamed-chunk-36]                               
123/1439                                                  
124/1439 [unnamed-chunk-37]                               
125/1439                                                  
126/1439 [unnamed-chunk-38]                               
127/1439                                                  
128/1439 [unnamed-chunk-39]                               
129/1439                                                  
130/1439 [tm6-tsp]                                        
131/1439                                                  
132/1439 [tm6-tsp-sim]                                    
133/1439                                                  
134/1439 [unnamed-chunk-40]                               
135/1439                                                  
136/1439 [unnamed-chunk-41]                               
137/1439                                                  
138/1439 [exc-swap]                                       
139/1439                                                  
140/1439 [links]                                          
1/1
141/1439                                                  
142/1439 [unnamed-chunk-42]                               
143/1439                                                  
144/1439 [unnamed-chunk-43]                               
145/1439                                                  
146/1439 [unnamed-chunk-44]                               
147/1439                                                  
148/1439 [links]                                          
1/1
149/1439                                                  
150/1439 [unnamed-chunk-45]                               
151/1439                                                  
152/1439 [unnamed-chunk-46]                               
153/1439                                                  
154/1439 [unnamed-chunk-47]                               
155/1439                                                  
156/1439 [R-vs-RStudio-1]                                 
157/1439                                                  
158/1439 [start_rbasics]                                  
159/1439                                                  
160/1439 [unnamed-chunk-48]                               
161/1439                                                  
162/1439 [unnamed-chunk-49]                               
163/1439                                                  
164/1439 [unnamed-chunk-50]                               
165/1439                                                  
166/1439 [unnamed-chunk-51]                               
167/1439                                                  
168/1439 [unnamed-chunk-52]                               
169/1439                                                  
170/1439 [unnamed-chunk-53]                               
171/1439                                                  
172/1439 [unnamed-chunk-54]                               
173/1439                                                  
174/1439 [unnamed-chunk-55]                               
175/1439                                                  
176/1439 [unnamed-chunk-56]                               
177/1439                                                  
178/1439 [unnamed-chunk-57]                               
179/1439                                                  
180/1439 [unnamed-chunk-58]                               
181/1439                                                  
182/1439 [unnamed-chunk-59]                               
183/1439                                                  
184/1439 [unnamed-chunk-60]                               
185/1439                                                  
186/1439 [unnamed-chunk-61]                               
187/1439                                                  
188/1439 [unnamed-chunk-62]                               
189/1439                                                  
190/1439 [script]                                         
191/1439                                                  
192/1439 [end_rbasics]                                    
193/1439                                                  
194/1439 [unnamed-chunk-63]                               
195/1439                                                  
196/1439 [unnamed-chunk-64]                               
197/1439                                                  
198/1439 [unnamed-chunk-65]                               
199/1439                                                  
200/1439 [unnamed-chunk-66]                               
201/1439 [unnamed-chunk-67]                               
202/1439                                                  
203/1439 [unnamed-chunk-68]                               
204/1439 [unnamed-chunk-69]                               
205/1439                                                  
206/1439 [unnamed-chunk-70]                               
207/1439 [unnamed-chunk-71]                               
208/1439                                                  
209/1439 [unnamed-chunk-72]                               
210/1439 [unnamed-chunk-73]                               
211/1439                                                  
212/1439 [unnamed-chunk-74]                               
213/1439 [unnamed-chunk-75]                               
214/1439                                                  
215/1439 [unnamed-chunk-76]                               
216/1439                                                  
217/1439 [unnamed-chunk-77]                               
218/1439                                                  
219/1439 [unnamed-chunk-78]                               
220/1439 [unnamed-chunk-79]                               
221/1439                                                  
222/1439 [unnamed-chunk-80]                               
223/1439 [unnamed-chunk-81]                               
224/1439                                                  
225/1439 [unnamed-chunk-82]                               
226/1439                                                  
227/1439 [unnamed-chunk-83]                               
228/1439                                                  
229/1439 [unnamed-chunk-84]                               
230/1439                                                  
231/1439 [unnamed-chunk-85]                               
232/1439                                                  
233/1439 [unnamed-chunk-86]                               
234/1439                                                  
235/1439 [unnamed-chunk-87]                               
236/1439                                                  
237/1439 [unnamed-chunk-88]                               
238/1439                                                  
239/1439 [unnamed-chunk-89]                               
240/1439                                                  
241/1439 [unnamed-chunk-90]                               
242/1439 [unnamed-chunk-91]                               
243/1439                                                  
244/1439 [unnamed-chunk-92]                               
245/1439                                                  
246/1439 [unnamed-chunk-93]                               
247/1439 [unnamed-chunk-94]                               
248/1439                                                  
249/1439 [unnamed-chunk-95]                               
250/1439                                                  
251/1439 [unnamed-chunk-96]                               
252/1439 [unnamed-chunk-97]                               
253/1439                                                  
254/1439 [unnamed-chunk-98]                               
255/1439 [unnamed-chunk-99]                               
256/1439                                                  
257/1439 [unnamed-chunk-100]                              
258/1439                                                  
259/1439 [unnamed-chunk-101]                              
260/1439 [unnamed-chunk-102]                              
261/1439                                                  
262/1439 [unnamed-chunk-103]                              
263/1439 [unnamed-chunk-104]                              
264/1439                                                  
265/1439 [unnamed-chunk-105]                              
266/1439 [unnamed-chunk-106]                              
267/1439                                                  
268/1439 [unnamed-chunk-107]                              
269/1439 [unnamed-chunk-108]                              
270/1439                                                  
271/1439 [unnamed-chunk-109]                              
272/1439                                                  
273/1439 [unnamed-chunk-110]                              
274/1439 [unnamed-chunk-111]                              
275/1439                                                  
276/1439 [unnamed-chunk-112]                              
277/1439 [unnamed-chunk-113]                              
278/1439                                                  
279/1439 [unnamed-chunk-114]                              
280/1439                                                  
281/1439 [unnamed-chunk-115]                              
282/1439 [unnamed-chunk-116]                              
283/1439                                                  
284/1439 [unnamed-chunk-117]                              
285/1439                                                  
286/1439 [unnamed-chunk-118]                              
287/1439                                                  
288/1439 [unnamed-chunk-119]                              
289/1439 [unnamed-chunk-120]                              
290/1439                                                  
291/1439 [unnamed-chunk-121]                              
292/1439 [unnamed-chunk-122]                              
293/1439                                                  
294/1439 [unnamed-chunk-123]                              
295/1439 [unnamed-chunk-124]                              
296/1439                                                  
297/1439 [unnamed-chunk-125]                              
298/1439                                                  
299/1439 [unnamed-chunk-126]                              
300/1439 [unnamed-chunk-127]                              
301/1439                                                  
302/1439 [unnamed-chunk-128]                              
303/1439                                                  
304/1439 [unnamed-chunk-129]                              
305/1439                                                  
306/1439 [text=="Onebracketalwaysreturnsalistagain."]     
307/1439 [unnamed-chunk-130]                              
308/1439                                                  
309/1439 [unnamed-chunk-131]                              
310/1439 [unnamed-chunk-132]                              
311/1439                                                  
312/1439 [unnamed-chunk-133]                              
313/1439                                                  
314/1439 [unnamed-chunk-134]                              
315/1439                                                  
316/1439 [unnamed-chunk-135]                              
317/1439 [unnamed-chunk-136]                              
318/1439                                                  
319/1439 [unnamed-chunk-137]                              
320/1439                                                  
321/1439 [unnamed-chunk-138]                              
322/1439                                                  
323/1439 [unnamed-chunk-139]                              
324/1439 [unnamed-chunk-140]                              
325/1439                                                  
326/1439 [unnamed-chunk-141]                              
327/1439 [unnamed-chunk-142]                              
328/1439                                                  
329/1439 [unnamed-chunk-143]                              
330/1439 [unnamed-chunk-144]                              
331/1439                                                  
332/1439 [unnamed-chunk-145]                              
333/1439 [unnamed-chunk-146]                              
334/1439                                                  
335/1439 [unnamed-chunk-147]                              
336/1439 [unnamed-chunk-148]                              
337/1439                                                  
338/1439 [unnamed-chunk-149]                              
339/1439 [unnamed-chunk-150]                              
340/1439                                                  
341/1439 [links]                                          
1/1
342/1439                                                  
343/1439 [unnamed-chunk-151]                              
344/1439                                                  
345/1439 [unnamed-chunk-152]                              
346/1439                                                  
347/1439 [unnamed-chunk-153]                              
348/1439                                                  
349/1439 [unnamed-chunk-154]                              
350/1439                                                  
351/1439 [unnamed-chunk-155]                              
352/1439                                                  
353/1439 [unnamed-chunk-156]                              
354/1439                                                  
355/1439 [unnamed-chunk-157]                              
356/1439                                                  
357/1439 [unnamed-chunk-158]                              
358/1439                                                  
359/1439 [unnamed-chunk-159]                              
360/1439                                                  
361/1439 [unnamed-chunk-160]                              
362/1439                                                  
363/1439 [unnamed-chunk-161]                              
364/1439                                                  
365/1439 [unnamed-chunk-162]                              
366/1439                                                  
367/1439 [unnamed-chunk-163]                              
368/1439                                                  
369/1439 [unnamed-chunk-164]                              
370/1439                                                  
371/1439 [unnamed-chunk-165]                              
372/1439                                                  
373/1439 [unnamed-chunk-166]                              
374/1439                                                  
375/1439 [unnamed-chunk-167]                              
376/1439                                                  
377/1439 [unnamed-chunk-168]                              
378/1439 [unnamed-chunk-169]                              
379/1439                                                  
380/1439 [unnamed-chunk-170]                              
381/1439 [unnamed-chunk-171]                              
382/1439                                                  
383/1439 [unnamed-chunk-172]                              
384/1439 [unnamed-chunk-173]                              
385/1439                                                  
386/1439 [unnamed-chunk-174]                              
387/1439                                                  
388/1439 [unnamed-chunk-175]                              
389/1439 [unnamed-chunk-176]                              
390/1439                                                  
391/1439 [unnamed-chunk-177]                              
392/1439 [unnamed-chunk-178]                              
393/1439                                                  
394/1439 [unnamed-chunk-179]                              
395/1439 [unnamed-chunk-180]                              
396/1439                                                  
397/1439 [unnamed-chunk-181]                              
398/1439 [unnamed-chunk-182]                              
399/1439                                                  
400/1439 [unnamed-chunk-183]                              
401/1439                                                  
402/1439 [unnamed-chunk-184]                              
403/1439                                                  
404/1439 [unnamed-chunk-185]                              
405/1439                                                  
406/1439 [unnamed-chunk-186]                              
407/1439                                                  
408/1439 [unnamed-chunk-187]                              
409/1439                                                  
410/1439 [unnamed-chunk-188]                              
411/1439                                                  
412/1439 [unnamed-chunk-189]                              
413/1439                                                  
414/1439 [unnamed-chunk-190]                              
415/1439                                                  
416/1439 [unnamed-chunk-191]                              
417/1439                                                  
418/1439 [unnamed-chunk-192]                              
419/1439 [unnamed-chunk-193]                              
420/1439                                                  
421/1439 [unnamed-chunk-194]                              
422/1439 [unnamed-chunk-195]                              
423/1439                                                  
424/1439 [links]                                          
1/1
425/1439                                                  
426/1439 [unnamed-chunk-196]                              
427/1439                                                  
428/1439 [unnamed-chunk-197]                              
429/1439                                                  
430/1439 [unnamed-chunk-198]                              
431/1439                                                  
432/1439 [unnamed-chunk-199]                              
433/1439                                                  
434/1439 [unnamed-chunk-200]                              
435/1439                                                  
436/1439 [unnamed-chunk-201]                              
437/1439                                                  
438/1439 [unnamed-chunk-202]                              
439/1439                                                  
440/1439 [unnamed-chunk-203]                              
441/1439                                                  
442/1439 [unnamed-chunk-204]                              
443/1439                                                  
444/1439 [unnamed-chunk-205]                              
445/1439                                                  
446/1439 [unnamed-chunk-206]                              
447/1439                                                  
448/1439 [unnamed-chunk-207]                              
449/1439                                                  
450/1439 [unnamed-chunk-208]                              
451/1439                                                  
452/1439 [unnamed-chunk-209]                              
453/1439                                                  
454/1439 [unnamed-chunk-210]                              
455/1439 [unnamed-chunk-211]                              
456/1439                                                  
457/1439 [unnamed-chunk-212]                              
458/1439                                                  
459/1439 [unnamed-chunk-213]                              
460/1439 [unnamed-chunk-214]                              
461/1439 [unnamed-chunk-215]                              
462/1439 [unnamed-chunk-216]                              
463/1439                                                  
464/1439 [unnamed-chunk-217]                              
465/1439 [unnamed-chunk-218]                              
466/1439                                                  
467/1439 [unnamed-chunk-219]                              
468/1439 [unnamed-chunk-220]                              
469/1439                                                  
470/1439 [unnamed-chunk-221]                              
471/1439 [unnamed-chunk-222]                              
472/1439                                                  
473/1439 [unnamed-chunk-223]                              
474/1439 [unnamed-chunk-224]                              
475/1439                                                  
476/1439 [unnamed-chunk-225]                              
477/1439 [unnamed-chunk-226]                              
478/1439                                                  
479/1439 [unnamed-chunk-227]                              
480/1439 [unnamed-chunk-228]                              
481/1439                                                  
482/1439 [unnamed-chunk-229]                              
483/1439                                                  
484/1439 [unnamed-chunk-230]                              
485/1439                                                  
486/1439 [unnamed-chunk-231]                              
487/1439                                                  
488/1439 [unnamed-chunk-232]                              
489/1439                                                  
490/1439 [unnamed-chunk-233]                              
491/1439                                                  
492/1439 [unnamed-chunk-234]                              
493/1439                                                  
494/1439 [unnamed-chunk-235]                              
495/1439                                                  
496/1439 [unnamed-chunk-236]                              
497/1439                                                  
498/1439 [unnamed-chunk-237]                              
499/1439                                                  
500/1439 [unnamed-chunk-238]                              
501/1439                                                  
502/1439 [unnamed-chunk-239]                              
503/1439                                                  
504/1439 [unnamed-chunk-240]                              
505/1439                                                  
506/1439 [unnamed-chunk-241]                              
507/1439                                                  
508/1439 [unnamed-chunk-242]                              
509/1439                                                  
510/1439 [unnamed-chunk-243]                              
511/1439                                                  
512/1439 [unnamed-chunk-244]                              
513/1439                                                  
514/1439 [unnamed-chunk-245]                              
515/1439                                                  
516/1439 [links]                                          
1/1
517/1439                                                  
518/1439 [unnamed-chunk-246]                              
519/1439                                                  
520/1439 [unnamed-chunk-247]                              
521/1439                                                  
522/1439 [links]                                          
1/1
523/1439                                                  
524/1439 [unnamed-chunk-248]                              
525/1439                                                  
526/1439 [unnamed-chunk-249]                              
527/1439                                                  
528/1439 [unnamed-chunk-250]                              
529/1439                                                  
530/1439 [unnamed-chunk-251]                              
531/1439                                                  
532/1439 [unnamed-chunk-252]                              
533/1439                                                  
534/1439 [unnamed-chunk-253]                              
535/1439                                                  
536/1439 [unnamed-chunk-254]                              
537/1439                                                  
538/1439 [unnamed-chunk-255]                              
539/1439                                                  
540/1439 [unnamed-chunk-256]                              
541/1439                                                  
542/1439 [unnamed-chunk-257]                              
543/1439                                                  
544/1439 [unnamed-chunk-258]                              
545/1439                                                  
546/1439 [unnamed-chunk-259]                              
547/1439                                                  
548/1439 [unnamed-chunk-260]                              
549/1439                                                  
550/1439 [unnamed-chunk-261]                              
551/1439                                                  
552/1439 [links]                                          
1/1
553/1439                                                  
554/1439 [unnamed-chunk-262]                              
555/1439                                                  
556/1439 [unnamed-chunk-263]                              
557/1439                                                  
558/1439 [unnamed-chunk-264]                              
559/1439                                                  
560/1439 [unnamed-chunk-265]                              
561/1439                                                  
562/1439 [unnamed-chunk-266]                              
563/1439                                                  
564/1439 [unnamed-chunk-267]                              
565/1439                                                  
566/1439 [unnamed-chunk-268]                              
567/1439                                                  
568/1439 [unnamed-chunk-269]                              
569/1439                                                  
570/1439 [unnamed-chunk-270]                              
571/1439                                                  
572/1439 [unnamed-chunk-271]                              
573/1439                                                  
574/1439 [unnamed-chunk-272]                              
575/1439                                                  
576/1439 [unnamed-chunk-273]                              
577/1439                                                  
578/1439 [unnamed-chunk-274]                              
579/1439                                                  
580/1439 [unnamed-chunk-275]                              
581/1439                                                  
582/1439 [unnamed-chunk-276]                              
583/1439                                                  
584/1439 [unnamed-chunk-277]                              
585/1439                                                  
586/1439 [unnamed-chunk-278]                              
587/1439                                                  
588/1439 [unnamed-chunk-279]                              
589/1439                                                  
590/1439 [unnamed-chunk-280]                              
591/1439                                                  
592/1439 [unnamed-chunk-281]                              
593/1439                                                  
594/1439 [unnamed-chunk-282]                              
595/1439                                                  
596/1439 [unnamed-chunk-283]                              
597/1439                                                  
598/1439 [unnamed-chunk-284]                              
599/1439                                                  
600/1439 [unnamed-chunk-285]                              
601/1439                                                  
602/1439 [unnamed-chunk-286]                              
603/1439                                                  
604/1439 [unnamed-chunk-287]                              
605/1439                                                  
606/1439 [unnamed-chunk-288]                              
607/1439                                                  
608/1439 [unnamed-chunk-289]                              
609/1439                                                  
610/1439 [unnamed-chunk-290]                              
611/1439                                                  
612/1439 [unnamed-chunk-291]                              
613/1439                                                  
614/1439 [unnamed-chunk-292]                              
615/1439                                                  
616/1439 [unnamed-chunk-293]                              
617/1439 [unnamed-chunk-294]                              
618/1439 [unnamed-chunk-295]                              
619/1439                                                  
620/1439 [unnamed-chunk-296]                              
621/1439                                                  
622/1439 [unnamed-chunk-297]                              
623/1439 [unnamed-chunk-298]                              
624/1439                                                  
625/1439 [unnamed-chunk-299]                              
626/1439                                                  
627/1439 [unnamed-chunk-300]                              
628/1439                                                  
629/1439 [unnamed-chunk-301]                              
630/1439 [unnamed-chunk-302]                              
631/1439                                                  
632/1439 [unnamed-chunk-303]                              
633/1439 [unnamed-chunk-304]                              
634/1439                                                  
635/1439 [unnamed-chunk-305]                              
636/1439                                                  
637/1439 [unnamed-chunk-306]                              
638/1439 [unnamed-chunk-307]                              
639/1439 [unnamed-chunk-308]                              
640/1439                                                  
641/1439 [unnamed-chunk-309]                              
642/1439 [unnamed-chunk-310]                              
643/1439                                                  
644/1439 [unnamed-chunk-311]                              
645/1439 [unnamed-chunk-312]                              
646/1439                                                  
647/1439 [unnamed-chunk-313]                              
648/1439 [unnamed-chunk-314]                              
649/1439                                                  
650/1439 [unnamed-chunk-315]                              
651/1439 [unnamed-chunk-316]                              
652/1439 [unnamed-chunk-317]                              
653/1439                                                  
654/1439 [unnamed-chunk-318]                              
655/1439                                                  
656/1439 [unnamed-chunk-319]                              
657/1439                                                  
658/1439 [unnamed-chunk-320]                              
659/1439                                                  
660/1439 [unnamed-chunk-321]                              
661/1439                                                  
662/1439 [unnamed-chunk-322]                              
663/1439                                                  
664/1439 [unnamed-chunk-323]                              
665/1439                                                  
666/1439 [links]                                          
1/1
667/1439                                                  
668/1439 [unnamed-chunk-324]                              
669/1439                                                  
670/1439 [unnamed-chunk-325]                              
671/1439                                                  
672/1439 [unnamed-chunk-326]                              
673/1439                                                  
674/1439 [unnamed-chunk-327]                              
675/1439                                                  
676/1439 [unnamed-chunk-328]                              
677/1439                                                  
678/1439 [unnamed-chunk-329]                              
679/1439                                                  
680/1439 [unnamed-chunk-330]                              
681/1439                                                  
682/1439 [unnamed-chunk-331]                              
683/1439                                                  
684/1439 [unnamed-chunk-332]                              
685/1439                                                  
686/1439 [unnamed-chunk-333]                              
687/1439                                                  
688/1439 [unnamed-chunk-334]                              
689/1439                                                  
690/1439 [unnamed-chunk-335]                              
691/1439                                                  
692/1439 [unnamed-chunk-336]                              
693/1439                                                  
694/1439 [unnamed-chunk-337]                              
695/1439                                                  
696/1439 [unnamed-chunk-338]                              
697/1439                                                  
698/1439 [unnamed-chunk-339]                              
699/1439 [unnamed-chunk-340]                              
700/1439                                                  
701/1439 [unnamed-chunk-341]                              
702/1439                                                  
703/1439 [unnamed-chunk-342]                              
704/1439                                                  
705/1439 [unnamed-chunk-343]                              
706/1439                                                  
707/1439 [unnamed-chunk-344]                              
708/1439                                                  
709/1439 [unnamed-chunk-345]                              
710/1439                                                  
711/1439 [unnamed-chunk-346]                              
712/1439 [unnamed-chunk-347]                              
713/1439                                                  
714/1439 [unnamed-chunk-348]                              
715/1439                                                  
716/1439 [unnamed-chunk-349]                              
717/1439 [unnamed-chunk-350]                              
718/1439 [unnamed-chunk-351]                              
719/1439                                                  
720/1439 [unnamed-chunk-352]                              
721/1439                                                  
722/1439 [unnamed-chunk-353]                              
723/1439                                                  
724/1439 [unnamed-chunk-354]                              
725/1439                                                  
726/1439 [unnamed-chunk-355]                              
727/1439                                                  
728/1439 [unnamed-chunk-356]                              
729/1439                                                  
730/1439 [unnamed-chunk-357]                              
731/1439                                                  
732/1439 [unnamed-chunk-358]                              
733/1439                                                  
734/1439 [unnamed-chunk-359]                              
735/1439                                                  
736/1439 [unnamed-chunk-360]                              
737/1439                                                  
738/1439 [unnamed-chunk-361]                              
739/1439                                                  
740/1439 [unnamed-chunk-362]                              
741/1439 [unnamed-chunk-363]                              
742/1439                                                  
743/1439 [unnamed-chunk-364]                              
744/1439 [unnamed-chunk-365]                              
745/1439                                                  
746/1439 [unnamed-chunk-366]                              
747/1439                                                  
748/1439 [unnamed-chunk-367]                              
749/1439                                                  
750/1439 [unnamed-chunk-368]                              
751/1439                                                  
752/1439 [unnamed-chunk-369]                              
753/1439                                                  
754/1439 [unnamed-chunk-370]                              
755/1439                                                  
756/1439 [unnamed-chunk-371]                              
757/1439                                                  
758/1439 [unnamed-chunk-372]                              
759/1439                                                  
760/1439 [unnamed-chunk-373]                              
761/1439                                                  
762/1439 [unnamed-chunk-374]                              
763/1439 [unnamed-chunk-375]                              
764/1439                                                  
765/1439 [unnamed-chunk-376]                              
766/1439                                                  
767/1439 [unnamed-chunk-377]                              
768/1439 [unnamed-chunk-378]                              
769/1439                                                  
770/1439 [unnamed-chunk-379]                              
771/1439 [unnamed-chunk-380]                              
772/1439                                                  
773/1439 [unnamed-chunk-381]                              
774/1439                                                  
775/1439 [unnamed-chunk-382]                              
776/1439 [unnamed-chunk-383]                              
777/1439                                                  
778/1439 [unnamed-chunk-384]                              
779/1439                                                  
780/1439 [unnamed-chunk-385]                              
781/1439                                                  
782/1439 [unnamed-chunk-386]                              
783/1439                                                  
784/1439 [unnamed-chunk-387]                              
785/1439                                                  
786/1439 [unnamed-chunk-388]                              
787/1439 [unnamed-chunk-389]                              
788/1439                                                  
789/1439 [unnamed-chunk-390]                              
790/1439                                                  
791/1439 [unnamed-chunk-391]                              
792/1439                                                  
793/1439 [unnamed-chunk-392]                              
794/1439                                                  
795/1439 [unnamed-chunk-393]                              
796/1439                                                  
797/1439 [unnamed-chunk-394]                              
798/1439                                                  
799/1439 [unnamed-chunk-395]                              
800/1439                                                  
801/1439 [unnamed-chunk-396]                              
802/1439                                                  
803/1439 [unnamed-chunk-397]                              
804/1439 [unnamed-chunk-398]                              
805/1439                                                  
806/1439 [unnamed-chunk-399]                              
807/1439                                                  
808/1439 [unnamed-chunk-400]                              
809/1439 [unnamed-chunk-401]                              
810/1439                                                  
811/1439 [unnamed-chunk-402]                              
812/1439 [unnamed-chunk-403]                              
813/1439 [unnamed-chunk-404]                              
814/1439                                                  
815/1439 [unnamed-chunk-405]                              
816/1439                                                  
817/1439 [unnamed-chunk-406]                              
818/1439 [unnamed-chunk-407]                              
819/1439                                                  
820/1439 [unnamed-chunk-408]                              
821/1439 [unnamed-chunk-409]                              
822/1439                                                  
823/1439 [unnamed-chunk-410]                              
824/1439                                                  
825/1439 [unnamed-chunk-411]                              
826/1439                                                  
827/1439 [unnamed-chunk-412]                              
828/1439 [unnamed-chunk-413]                              
829/1439                                                  
830/1439 [unnamed-chunk-414]                              
831/1439 [unnamed-chunk-415]                              
832/1439                                                  
833/1439 [unnamed-chunk-416]                              
834/1439                                                  
835/1439 [unnamed-chunk-417]                              
836/1439                                                  
837/1439 [unnamed-chunk-418]                              
838/1439                                                  
839/1439 [unnamed-chunk-419]                              
840/1439                                                  
841/1439 [unnamed-chunk-420]                              
842/1439 [unnamed-chunk-421]                              
843/1439 [unnamed-chunk-422]                              
844/1439                                                  
845/1439 [unnamed-chunk-423]                              
846/1439 [unnamed-chunk-424]                              
847/1439                                                  
848/1439 [unnamed-chunk-425]                              
849/1439 [unnamed-chunk-426]                              
850/1439                                                  
851/1439 [unnamed-chunk-427]                              
852/1439 [unnamed-chunk-428]                              
853/1439                                                  
854/1439 [unnamed-chunk-429]                              
855/1439 [unnamed-chunk-430]                              
856/1439                                                  
857/1439 [unnamed-chunk-431]                              
858/1439 [unnamed-chunk-432]                              
859/1439                                                  
860/1439 [unnamed-chunk-433]                              
861/1439 [unnamed-chunk-434]                              
862/1439                                                  
863/1439 [unnamed-chunk-435]                              
864/1439                                                  
865/1439 [unnamed-chunk-436]                              
866/1439                                                  
867/1439 [unnamed-chunk-437]                              
868/1439                                                  
869/1439 [unnamed-chunk-438]                              
870/1439 [unnamed-chunk-439]                              
871/1439                                                  
872/1439 [unnamed-chunk-440]                              
873/1439 [unnamed-chunk-441]                              
874/1439                                                  
875/1439 [unnamed-chunk-442]                              
876/1439 [unnamed-chunk-443]                              
877/1439                                                  
878/1439 [unnamed-chunk-444]                              
879/1439 [unnamed-chunk-445]                              
880/1439                                                  
881/1439 [unnamed-chunk-446]                              
882/1439 [unnamed-chunk-447]                              
883/1439                                                  
884/1439 [unnamed-chunk-448]                              
885/1439                                                  
886/1439 [unnamed-chunk-449]                              
887/1439 [unnamed-chunk-450]                              
888/1439                                                  
889/1439 [unnamed-chunk-451]                              
890/1439 [unnamed-chunk-452]                              
891/1439                                                  
892/1439 [unnamed-chunk-453]                              
893/1439 [unnamed-chunk-454]                              
894/1439                                                  
895/1439 [unnamed-chunk-455]                              
896/1439 [unnamed-chunk-456]                              
897/1439                                                  
898/1439 [unnamed-chunk-457]                              
899/1439 [unnamed-chunk-458]                              
900/1439                                                  
901/1439 [unnamed-chunk-459]                              
902/1439 [unnamed-chunk-460]                              
903/1439                                                  
904/1439 [unnamed-chunk-461]                              
905/1439 [unnamed-chunk-462]                              
906/1439                                                  
907/1439 [unnamed-chunk-463]                              
908/1439                                                  
909/1439 [unnamed-chunk-464]                              
910/1439 [unnamed-chunk-465]                              
911/1439                                                  
912/1439 [unnamed-chunk-466]                              
913/1439 [unnamed-chunk-467]                              
914/1439                                                  
915/1439 [unnamed-chunk-468]                              
916/1439 [unnamed-chunk-469]                              
917/1439                                                  
918/1439 [unnamed-chunk-470]                              
919/1439 [unnamed-chunk-471]                              
920/1439                                                  
921/1439 [unnamed-chunk-472]                              
922/1439 [unnamed-chunk-473]                              
923/1439                                                  
924/1439 [unnamed-chunk-474]                              
925/1439                                                  
926/1439 [unnamed-chunk-475]                              
927/1439 [unnamed-chunk-476]                              
928/1439                                                  
929/1439 [unnamed-chunk-477]                              
930/1439 [unnamed-chunk-478]                              
931/1439                                                  
932/1439 [unnamed-chunk-479]                              
933/1439 [unnamed-chunk-480]                              
934/1439                                                  
935/1439 [unnamed-chunk-481]                              
936/1439 [unnamed-chunk-482]                              
937/1439                                                  
938/1439 [unnamed-chunk-483]                              
939/1439 [unnamed-chunk-484]                              
940/1439                                                  
941/1439 [unnamed-chunk-485]                              
942/1439                                                  
943/1439 [unnamed-chunk-486]                              
944/1439 [unnamed-chunk-487]                              
945/1439                                                  
946/1439 [unnamed-chunk-488]                              
947/1439 [unnamed-chunk-489]                              
948/1439                                                  
949/1439 [unnamed-chunk-490]                              
950/1439 [unnamed-chunk-491]                              
951/1439                                                  
952/1439 [unnamed-chunk-492]                              
953/1439 [unnamed-chunk-493]                              
954/1439                                                  
955/1439 [unnamed-chunk-494]                              
956/1439 [unnamed-chunk-495]                              
957/1439                                                  
958/1439 [unnamed-chunk-496]                              
959/1439 [unnamed-chunk-497]                              
960/1439                                                  
961/1439 [unnamed-chunk-498]                              
962/1439 [unnamed-chunk-499]                              
963/1439                                                  
964/1439 [unnamed-chunk-500]                              
965/1439                                                  
966/1439 [unnamed-chunk-501]                              
967/1439 [unnamed-chunk-502]                              
968/1439                                                  
969/1439 [unnamed-chunk-503]                              
970/1439 [unnamed-chunk-504]                              
971/1439                                                  
972/1439 [unnamed-chunk-505]                              
973/1439 [unnamed-chunk-506]                              
974/1439                                                  
975/1439 [unnamed-chunk-507]                              
976/1439 [unnamed-chunk-508]                              
977/1439                                                  
978/1439 [unnamed-chunk-509]                              
979/1439 [unnamed-chunk-510]                              
980/1439                                                  
981/1439 [unnamed-chunk-511]                              
982/1439 [unnamed-chunk-512]                              
983/1439                                                  
984/1439 [unnamed-chunk-513]                              
985/1439                                                  
986/1439 [links]                                          
1/1
987/1439                                                  
988/1439 [unnamed-chunk-514]                              
989/1439                                                  
990/1439 [unnamed-chunk-515]                              
991/1439                                                  
992/1439 [unnamed-chunk-516]                              
993/1439                                                  
994/1439 [unnamed-chunk-517]                              
995/1439                                                  
996/1439 [unnamed-chunk-518]                              
997/1439                                                  
998/1439 [unnamed-chunk-519]                              
999/1439                                                  
1000/1439 [unnamed-chunk-520]                              
1001/1439                                                  
1002/1439 [unnamed-chunk-521]                              
1003/1439                                                  
1004/1439 [unnamed-chunk-522]                              
1005/1439                                                  
1006/1439 [unnamed-chunk-523]                              
1007/1439                                                  
1008/1439 [load libraries]                                 
1009/1439                                                  
1010/1439 [unnamed-chunk-524]                              
1011/1439                                                  
1012/1439 [unnamed-chunk-525]                              
1013/1439                                                  
1014/1439 [unnamed-chunk-526]                              
1015/1439                                                  
1016/1439 [unnamed-chunk-527]                              
1017/1439                                                  
1018/1439 [unnamed-chunk-528]                              
1019/1439                                                  
1020/1439 [unnamed-chunk-529]                              
1021/1439                                                  
1022/1439 [unnamed-chunk-530]                              
1023/1439                                                  
1024/1439 [unnamed-chunk-531]                              
1025/1439                                                  
1026/1439 [unnamed-chunk-532]                              
1027/1439                                                  
1028/1439 [unnamed-chunk-533]                              
1029/1439 [unnamed-chunk-534]                              
1030/1439                                                  
1031/1439 [fertility-time-series-plot-points]              
1032/1439                                                  
1033/1439 [unnamed-chunk-535]                              
1034/1439                                                  
1035/1439 [unnamed-chunk-536]                              
1036/1439                                                  
1037/1439 [unnamed-chunk-537]                              
1038/1439                                                  
1039/1439 [unnamed-chunk-538]                              
1040/1439                                                  
1041/1439 [unnamed-chunk-539]                              
1042/1439                                                  
1043/1439 [dollars-per-day-distribution]                   
1044/1439                                                  
1045/1439 [unnamed-chunk-540]                              
1046/1439                                                  
1047/1439 [unnamed-chunk-541]                              
1048/1439                                                  
1049/1439 [population-histogram-log10]                     
1050/1439                                                  
1051/1439 [unnamed-chunk-542]                              
1052/1439                                                  
1053/1439 [unnamed-chunk-543]                              
1054/1439                                                  
1055/1439 [unnamed-chunk-544]                              
1056/1439                                                  
1057/1439 [unnamed-chunk-545]                              
1058/1439                                                  
1059/1439 [unnamed-chunk-546]                              
1060/1439                                                  
1061/1439 [unnamed-chunk-547]                              
1062/1439                                                  
1063/1439 [unnamed-chunk-548]                              
1064/1439                                                  
1065/1439 [unnamed-chunk-549]                              
1066/1439                                                  
1067/1439 [unnamed-chunk-550]                              
1068/1439                                                  
1069/1439 [unnamed-chunk-551]                              
1070/1439                                                  
1071/1439 [unnamed-chunk-552]                              
1072/1439                                                  
1073/1439 [income-smooth-density-by-year]                  
1074/1439                                                  
1075/1439 [unnamed-chunk-553]                              
1076/1439                                                  
1077/1439 [income-smooth-density-by-year-west-v-developing]
1078/1439                                                  
# A tibble: 1  1
   West
  <int>
1    21
# A tibble: 1  1
  Developing
       <int>
1         87
1079/1439 [income-smooth-density-counts]                   
1080/1439                                                  
1081/1439 [unnamed-chunk-554]                              
1082/1439                                                  
1083/1439 [unnamed-chunk-555]                              
1084/1439                                                  
1085/1439 [unnamed-chunk-556]                              
1086/1439                                                  
1087/1439 [unnamed-chunk-557]                              
1088/1439                                                  
1089/1439 [unnamed-chunk-558]                              
1090/1439                                                  
1091/1439 [unnamed-chunk-559]                              
1092/1439 [unnamed-chunk-560]                              
1093/1439                                                  
1094/1439 [unnamed-chunk-561]                              
1095/1439 [unnamed-chunk-562]                              
1096/1439                                                  
1097/1439 [unnamed-chunk-563]                              
1098/1439 [unnamed-chunk-564]                              
1099/1439 [unnamed-chunk-565]                              
1100/1439                                                  
1101/1439 [unnamed-chunk-566]                              
1102/1439 [unnamed-chunk-567]                              
1103/1439                                                  
1104/1439 [unnamed-chunk-568]                              
1105/1439 [unnamed-chunk-569]                              
1106/1439                                                  
1107/1439 [unnamed-chunk-570]                              
1108/1439 [unnamed-chunk-571]                              
1109/1439                                                  
1110/1439 [unnamed-chunk-572]                              
1111/1439 [unnamed-chunk-573]                              
1112/1439                                                  
1113/1439 [unnamed-chunk-574]                              
1114/1439 [unnamed-chunk-575]                              
1115/1439                                                  
1116/1439 [unnamed-chunk-576]                              
1117/1439 [unnamed-chunk-577]                              
1118/1439                                                  
1119/1439 [unnamed-chunk-578]                              
1120/1439 [unnamed-chunk-579]                              
1121/1439                                                  
1122/1439 [unnamed-chunk-580]                              
1123/1439 [unnamed-chunk-581]                              
1124/1439                                                  
1125/1439 [unnamed-chunk-582]                              
1126/1439 [unnamed-chunk-583]                              
1127/1439                                                  
1128/1439 [unnamed-chunk-584]                              
1129/1439                                                  
1130/1439 [unnamed-chunk-585]                              
1131/1439                                                  
1132/1439 [unnamed-chunk-586]                              
1133/1439                                                  
1134/1439 [unnamed-chunk-587]                              
1135/1439 [unnamed-chunk-588]                              
1136/1439 [unnamed-chunk-589]                              
1137/1439                                                  
1138/1439 [unnamed-chunk-590]                              
1139/1439                                                  
1140/1439 [unnamed-chunk-591]                              
1141/1439 [unnamed-chunk-592]                              
1142/1439 [unnamed-chunk-593]                              
1143/1439                                                  
1144/1439 [unnamed-chunk-594]                              
1145/1439                                                  
1146/1439 [unnamed-chunk-595]                              
1147/1439                                                  
1148/1439 [unnamed-chunk-596]                              
1149/1439                                                  
1150/1439 [unnamed-chunk-597]                              
1151/1439 [unnamed-chunk-598]                              
1152/1439 [unnamed-chunk-599]                              
1153/1439                                                  
1154/1439 [unnamed-chunk-600]                              
1155/1439 [unnamed-chunk-601]                              
1156/1439                                                  
1157/1439 [unnamed-chunk-602]                              
1158/1439                                                  
1159/1439 [unnamed-chunk-603]                              
1160/1439                                                  
1161/1439 [unnamed-chunk-604]                              
1162/1439                                                  
1163/1439 [unnamed-chunk-605]                              
1164/1439                                                  
1165/1439 [unnamed-chunk-606]                              
1166/1439                                                  
1167/1439 [unnamed-chunk-607]                              
1168/1439 [unnamed-chunk-608]                              
1169/1439                                                  
1170/1439 [unnamed-chunk-609]                              
1171/1439 [unnamed-chunk-610]                              
1172/1439                                                  
1173/1439 [unnamed-chunk-611]                              
1174/1439 [unnamed-chunk-612]                              
1175/1439                                                  
1176/1439 [unnamed-chunk-613]                              
1177/1439 [unnamed-chunk-614]                              
1178/1439                                                  
1179/1439 [unnamed-chunk-615]                              
1180/1439                                                  
1181/1439 [unnamed-chunk-616]                              
1182/1439                                                  
1183/1439 [unnamed-chunk-617]                              
1184/1439 [unnamed-chunk-618]                              
1185/1439                                                  
1186/1439 [unnamed-chunk-619]                              
1187/1439 [unnamed-chunk-620]                              
1188/1439                                                  
1189/1439 [unnamed-chunk-621]                              
1190/1439 [unnamed-chunk-622]                              
1191/1439                                                  
1192/1439 [unnamed-chunk-623]                              
1193/1439 [unnamed-chunk-624]                              
1194/1439                                                  
1195/1439 [unnamed-chunk-625]                              
1196/1439 [unnamed-chunk-626]                              
1197/1439                                                  
1198/1439 [unnamed-chunk-627]                              
1199/1439                                                  
1200/1439 [unnamed-chunk-628]                              
1201/1439 [unnamed-chunk-629]                              
1202/1439                                                  
1203/1439 [unnamed-chunk-630]                              
1204/1439 [unnamed-chunk-631]                              
1205/1439                                                  
1206/1439 [unnamed-chunk-632]                              
1207/1439 [unnamed-chunk-633]                              
1208/1439                                                  
1209/1439 [unnamed-chunk-634]                              
1210/1439                                                  
1211/1439 [unnamed-chunk-635]                              
1212/1439 [unnamed-chunk-636]                              
1213/1439                                                  
1214/1439 [unnamed-chunk-637]                              
1215/1439 [unnamed-chunk-638]                              
1216/1439                                                  
1217/1439 [unnamed-chunk-639]                              
1218/1439                                                  
1219/1439 [unnamed-chunk-640]                              
1220/1439 [unnamed-chunk-641]                              
1221/1439                                                  
1222/1439 [unnamed-chunk-642]                              
1223/1439 [unnamed-chunk-643]                              
1224/1439                                                  
1225/1439 [unnamed-chunk-644]                              
1226/1439 [unnamed-chunk-645]                              
1227/1439                                                  
1228/1439 [unnamed-chunk-646]                              
1229/1439 [unnamed-chunk-647]                              
1230/1439                                                  
1231/1439 [unnamed-chunk-648]                              
1232/1439 [unnamed-chunk-649]                              
1233/1439                                                  
1234/1439 [unnamed-chunk-650]                              
1235/1439                                                  
1236/1439 [unnamed-chunk-651]                              
1237/1439 [unnamed-chunk-652]                              
1238/1439                                                  
1239/1439 [unnamed-chunk-653]                              
1240/1439 [unnamed-chunk-654]                              
1241/1439                                                  
1242/1439 [unnamed-chunk-655]                              
1243/1439 [unnamed-chunk-656]                              
1244/1439                                                  
1245/1439 [unnamed-chunk-657]                              
1246/1439                                                  
1247/1439 [unnamed-chunk-658]                              
1248/1439 [unnamed-chunk-659]                              
1249/1439                                                  
1250/1439 [unnamed-chunk-660]                              
1251/1439 [unnamed-chunk-661]                              
1252/1439                                                  
1253/1439 [unnamed-chunk-662]                              
1254/1439                                                  
1255/1439 [unnamed-chunk-663]                              
1256/1439                                                  
1257/1439 [unnamed-chunk-664]                              
1258/1439                                                  
1259/1439 [unnamed-chunk-665]                              
1260/1439                                                  
1261/1439 [unnamed-chunk-666]                              
1262/1439                                                  
1263/1439 [unnamed-chunk-667]                              
1264/1439                                                  
1265/1439 [unnamed-chunk-668]                              
1266/1439                                                  
1267/1439 [unnamed-chunk-669]                              
1268/1439                                                  
1269/1439 [unnamed-chunk-670]                              
1270/1439                                                  
1271/1439 [unnamed-chunk-671]                              
1272/1439                                                  
1273/1439 [unnamed-chunk-672]                              
1274/1439 [unnamed-chunk-673]                              
1275/1439                                                  
1276/1439 [unnamed-chunk-674]                              
1277/1439 [unnamed-chunk-675]                              
1278/1439                                                  
1279/1439 [unnamed-chunk-676]                              
1280/1439 [unnamed-chunk-677]                              
1281/1439                                                  
1282/1439 [unnamed-chunk-678]                              
1283/1439 [unnamed-chunk-679]                              
1284/1439                                                  
1285/1439 [unnamed-chunk-680]                              
1286/1439                                                  
1287/1439 [unnamed-chunk-681]                              
1288/1439 [unnamed-chunk-682]                              
1289/1439                                                  
1290/1439 [unnamed-chunk-683]                              
1291/1439                                                  
1292/1439 [unnamed-chunk-684]                              
1293/1439                                                  
1294/1439 [links]                                          
1/1
1295/1439                                                  
1296/1439 [unnamed-chunk-685]                              
1297/1439                                                  
1298/1439 [unnamed-chunk-686]                              
1299/1439                                                  
1300/1439 [unnamed-chunk-687]                              
1301/1439                                                  
1302/1439 [unnamed-chunk-688]                              
1303/1439                                                  
1304/1439 [unnamed-chunk-689]                              
1305/1439                                                  
1306/1439 [unnamed-chunk-690]                              
1307/1439                                                  
1308/1439 [unnamed-chunk-691]                              
1309/1439                                                  
1310/1439 [unnamed-chunk-692]                              
1311/1439                                                  
1312/1439 [unnamed-chunk-693]                              
1313/1439                                                  
1314/1439 [unnamed-chunk-694]                              
1315/1439                                                  
1316/1439 [unnamed-chunk-695]                              
1317/1439                                                  
1318/1439 [unnamed-chunk-696]                              
1319/1439                                                  
1320/1439 [unnamed-chunk-697]                              
1321/1439                                                  
1322/1439 [unnamed-chunk-698]                              
1323/1439                                                  
1324/1439 [unnamed-chunk-699]                              
1325/1439                                                  
1326/1439 [unnamed-chunk-700]                              
1327/1439                                                  
1328/1439 [poisson_process]                                
1329/1439                                                  
1330/1439 [unnamed-chunk-701]                              
1331/1439                                                  
1332/1439 [unnamed-chunk-702]                              
1333/1439                                                  
1334/1439 [unnamed-chunk-703]                              
1335/1439                                                  
1336/1439 [unnamed-chunk-704]                              
1337/1439                                                  
1338/1439 [unnamed-chunk-705]                              
1339/1439                                                  
1340/1439 [unnamed-chunk-706]                              
1341/1439                                                  
1342/1439 [unnamed-chunk-707]                              
1343/1439                                                  
1344/1439 [unnamed-chunk-708]                              
1345/1439                                                  
1346/1439 [unnamed-chunk-709]                              
1347/1439                                                  
1348/1439 [unnamed-chunk-710]                              
1349/1439                                                  
1350/1439 [unnamed-chunk-711]                              
1351/1439                                                  
1352/1439 [unnamed-chunk-712]                              
1353/1439                                                  
1354/1439 [unnamed-chunk-713]                              
1355/1439                                                  
1356/1439 [unnamed-chunk-714]                              
1357/1439 [unnamed-chunk-715]                              
1358/1439                                                  
1359/1439 [unnamed-chunk-716]                              
1360/1439                                                  
1361/1439 [unnamed-chunk-717]                              
1362/1439 [unnamed-chunk-718]                              
1363/1439                                                  
1364/1439 [unnamed-chunk-719]                              
1365/1439                                                  
1366/1439 [unnamed-chunk-720]                              
1367/1439                                                  
1368/1439 [unnamed-chunk-721]                              
1369/1439                                                  
1370/1439 [unnamed-chunk-722]                              
1371/1439                                                  
1372/1439 [unnamed-chunk-723]                              
1373/1439                                                  
1374/1439 [unnamed-chunk-724]                              
1375/1439                                                  
1376/1439 [unnamed-chunk-725]                              
1377/1439                                                  
1378/1439 [unnamed-chunk-726]                              
1379/1439                                                  
1380/1439 [unnamed-chunk-727]                              
1381/1439                                                  
1382/1439 [unnamed-chunk-728]                              
1383/1439                                                  
1384/1439 [unnamed-chunk-729]                              
1385/1439                                                  
1386/1439 [unnamed-chunk-730]                              
1387/1439                                                  
1388/1439 [unnamed-chunk-731]                              
1389/1439                                                  
1390/1439 [unnamed-chunk-732]                              
1391/1439                                                  
1392/1439 [unnamed-chunk-733]                              
1393/1439                                                  
1394/1439 [unnamed-chunk-734]                              
1395/1439                                                  
1396/1439 [unnamed-chunk-735]                              
1397/1439                                                  
1398/1439 [unnamed-chunk-736]                              
1399/1439                                                  
1400/1439 [unnamed-chunk-737]                              
1401/1439                                                  
1402/1439 [unnamed-chunk-738]                              
1403/1439                                                  
1404/1439 [unnamed-chunk-739]                              
1405/1439                                                  
1406/1439 [unnamed-chunk-740]                              
1407/1439                                                  
1408/1439 [unnamed-chunk-741]                              
1409/1439                                                  
1410/1439 [unnamed-chunk-742]                              
1411/1439                                                  
1412/1439 [unnamed-chunk-743]                              
1413/1439                                                  
1414/1439 [unnamed-chunk-744]                              
1415/1439                                                  
1416/1439 [unnamed-chunk-745]                              
1417/1439                                                  
1418/1439 [unnamed-chunk-746]                              
1419/1439                                                  
1420/1439 [unnamed-chunk-747]                              
1421/1439                                                  
1422/1439 [unnamed-chunk-748]                              
1423/1439                                                  
1424/1439 [unnamed-chunk-749]                              
1425/1439                                                  
1426/1439 [unnamed-chunk-750]                              
1427/1439                                                  
1428/1439 [course-proc]                                    
1429/1439                                                  
1430/1439 [detailed-course-proc]                           
1431/1439                                                  
1432/1439 [unnamed-chunk-751]                              
1433/1439                                                  
1434/1439 [unnamed-chunk-752]                              
1435/1439                                                  
1436/1439 [unnamed-chunk-753]                              
1437/1439                                                  
1438/1439 [links]                                          
1/1
1439/1439                                                  
/opt/hostedtoolcache/pandoc/3.1.11/x64/pandoc +RTS -K512m -RTS TFA.knit.md --to html4 --from markdown+autolink_bare_uris+tex_math_single_backslash --output TFA.html --lua-filter /home/runner/work/_temp/renv/cache/v5/linux-ubuntu-jammy/R-4.4/x86_64-pc-linux-gnu/bookdown/0.40/896a79478a50c78fb035a37148638f4e/bookdown/rmarkdown/lua/custom-environment.lua --lua-filter /home/runner/work/_temp/renv/cache/v5/linux-ubuntu-jammy/R-4.4/x86_64-pc-linux-gnu/rmarkdown/2.27/27f9502e1cdbfa195f94e03b0f517484/rmarkdown/rmarkdown/lua/pagebreak.lua --lua-filter /home/runner/work/_temp/renv/cache/v5/linux-ubuntu-jammy/R-4.4/x86_64-pc-linux-gnu/rmarkdown/2.27/27f9502e1cdbfa195f94e03b0f517484/rmarkdown/rmarkdown/lua/latex-div.lua --lua-filter /home/runner/work/_temp/renv/cache/v5/linux-ubuntu-jammy/R-4.4/x86_64-pc-linux-gnu/rmarkdown/2.27/27f9502e1cdbfa195f94e03b0f517484/rmarkdown/rmarkdown/lua/anchor-sections.lua --metadata-file /tmp/RtmpYR1y5Q/file17b240f4507f --wrap preserve --standalone --section-divs --table-of-contents --toc-depth 3 --template /home/runner/work/_temp/renv/cache/v5/linux-ubuntu-jammy/R-4.4/x86_64-pc-linux-gnu/bookdown/0.40/896a79478a50c78fb035a37148638f4e/bookdown/templates/gitbook.html --highlight-style pygments --number-sections --css assets/style.css --mathjax --include-in-header /tmp/RtmpYR1y5Q/rmarkdown-str17b25ed18feb.html --include-in-header header.html --citeproc 
[1] "/home/runner/work/tfa/tfa/docs/index.html"
